<?xml version="1.0" encoding="UTF-8"?>
<!-- Generated by org.testng.reporters.JUnitXMLReporter -->
<testsuite hostname="Harini" ignored="0" name="ConsistencyTest" tests="1" failures="1" timestamp="2019-12-01T22:16:34 EST" time="0.222" errors="0">
  <testcase name="test1" time="0.052" classname="openweatherapi.OpenWeather">
    <failure type="java.lang.NoClassDefFoundError" message="groovy/lang/GroovyObject">
      <![CDATA[java.lang.NoClassDefFoundError: groovy/lang/GroovyObject
at java.lang.ClassLoader.defineClass1(Native Method)
at java.lang.ClassLoader.defineClass(Unknown Source)
at java.security.SecureClassLoader.defineClass(Unknown Source)
at java.net.URLClassLoader.defineClass(Unknown Source)
at java.net.URLClassLoader.access$100(Unknown Source)
at java.net.URLClassLoader$1.run(Unknown Source)
at java.net.URLClassLoader$1.run(Unknown Source)
at java.security.AccessController.doPrivileged(Native Method)
at java.net.URLClassLoader.findClass(Unknown Source)
at java.lang.ClassLoader.loadClass(Unknown Source)
at sun.misc.Launcher$AppClassLoader.loadClass(Unknown Source)
at java.lang.ClassLoader.loadClass(Unknown Source)
at io.restassured.RestAssured.<clinit>(RestAssured.java:346)
at openweatherapi.OpenWeather.test1(OpenWeather.java:20)
at java.util.ArrayList.forEach(Unknown Source)
Caused by: java.lang.ClassNotFoundException: groovy.lang.GroovyObject
at java.net.URLClassLoader.findClass(Unknown Source)
at java.lang.ClassLoader.loadClass(Unknown Source)
at sun.misc.Launcher$AppClassLoader.loadClass(Unknown Source)
at java.lang.ClassLoader.loadClass(Unknown Source)
... 41 more
... Removed 26 stack frames]]>
    </failure>
  </testcase> <!-- test1 -->
</testsuite> <!-- ConsistencyTest -->
